c:\users\pupil3000\documents\rssdk\samples\df_facetracking\build\x64_release\df_facetracking\facetrackingrenderer2d.obj
c:\users\pupil3000\documents\rssdk\samples\df_facetracking\build\x64_release\df_facetracking\facetrackingutilities.obj
c:\users\pupil3000\documents\rssdk\samples\df_facetracking\build\x64_release\df_facetracking\facetrackingrenderer3d.obj
c:\users\pupil3000\documents\rssdk\samples\df_facetracking\build\x64_release\df_facetracking\facetrackingrenderer.obj
c:\users\pupil3000\documents\rssdk\samples\df_facetracking\build\x64_release\df_facetracking\facetrackingrenderermanager.obj
c:\users\pupil3000\documents\rssdk\samples\df_facetracking\build\x64_release\df_facetracking\facetrackingframeratecalculator.obj
c:\users\pupil3000\documents\rssdk\samples\df_facetracking\build\x64_release\df_facetracking\main.obj
c:\users\pupil3000\documents\rssdk\samples\df_facetracking\build\x64_release\df_facetracking\facetrackingalerthandler.obj
c:\users\pupil3000\documents\rssdk\samples\df_facetracking\build\x64_release\df_facetracking\facetrackingprocessor.obj
c:\users\pupil3000\documents\rssdk\samples\df_facetracking\bin\x64\df_facetracking.exe
c:\users\pupil3000\documents\rssdk\samples\df_facetracking\bin\x64\df_facetracking.pdb
c:\users\pupil3000\documents\rssdk\samples\df_facetracking\build\x64_release\df_facetracking\face_tracking.res
c:\users\pupil3000\documents\rssdk\samples\df_facetracking\bin/x64/df_facetracking.exe
c:\users\pupil3000\documents\rssdk\samples\df_facetracking\build\x64_release\df_facetracking\df_facetracking.tlog\cl.command.1.tlog
c:\users\pupil3000\documents\rssdk\samples\df_facetracking\build\x64_release\df_facetracking\df_facetracking.tlog\cl.read.1.tlog
c:\users\pupil3000\documents\rssdk\samples\df_facetracking\build\x64_release\df_facetracking\df_facetracking.tlog\cl.write.1.tlog
c:\users\pupil3000\documents\rssdk\samples\df_facetracking\build\x64_release\df_facetracking\df_facetracking.tlog\link.command.1.tlog
c:\users\pupil3000\documents\rssdk\samples\df_facetracking\build\x64_release\df_facetracking\df_facetracking.tlog\link.read.1.tlog
c:\users\pupil3000\documents\rssdk\samples\df_facetracking\build\x64_release\df_facetracking\df_facetracking.tlog\link.write.1.tlog
c:\users\pupil3000\documents\rssdk\samples\df_facetracking\build\x64_release\df_facetracking\df_facetracking.tlog\rc.command.1.tlog
c:\users\pupil3000\documents\rssdk\samples\df_facetracking\build\x64_release\df_facetracking\df_facetracking.tlog\rc.read.1.tlog
c:\users\pupil3000\documents\rssdk\samples\df_facetracking\build\x64_release\df_facetracking\df_facetracking.tlog\rc.write.1.tlog
